Diagnose log at 2026-06-16T05:55:10Z

AppPath: C:\Program Files\Git\mingw64\bin\git-credential-manager.exe
InstallDir: C:\Program Files\Git\mingw64\bin\
Version: 2.6.1+786ab03440ddc82e807a97c0e540f5247e44cec6

------------
Diagnostic: Environment
Skipped: False
Success: True
Exception: None
Log:
OSType: Windows
OSVersion: 10.0 (build 26200)
Reading environment variables... OK
 Variables:
HOMEPATH=\Users\Igor Blaer Cabral
DriverData=C:\Windows\System32\Drivers\DriverData
COMPUTERNAME=DESKTOP-URBBM2C
GIT_TRACE2_PARENT_SID=d030cfe5-6b5c-4710-88b0-7a151ab4a996
CommonProgramFiles(x86)=C:\Program Files (x86)\Common Files
OneDrive=C:\Users\Igor Blaer Cabral\OneDrive
PyCharm=C:\Program Files\JetBrains\PyCharm 2025.2.3\bin
SESSIONNAME=Console
EFC_7008_4126798990=1
TMP=C:\Users\IGORBL~1\AppData\Local\Temp
PROCESSOR_REVISION=6001
USERDOMAIN=DESKTOP-URBBM2C
PATHEXT=.COM;.EXE;.BAT;.CMD;.VBS;.VBE;.JS;.JSE;.WSF;.WSH;.MSC;.CPL
EFC_7008_3789132940=1
GIT_ASKPASS=c:\Users\Igor Blaer Cabral\AppData\Roaming\Code\User\globalStorage\vscode.git\askpass\493597c785d4c5cb\askpass.sh
GIT_EXEC_PATH=C:/Program Files/Git/mingw64/libexec/git-core
TEMP=C:\Users\IGORBL~1\AppData\Local\Temp
EFC_7008_1592913036=1
MSYSTEM=MINGW64
TERM=xterm-256color
COLORTERM=truecolor
EFC_7008_2775293581=1
ProgramFiles(x86)=C:\Program Files (x86)
Path=C:/Program Files/Git/mingw64/libexec/git-core;C:\Program Files\Git\mingw64\bin;C:\Program Files\Git\usr\bin;C:\Users\Igor Blaer Cabral\bin;C:\Program Files (x86)\Common Files\Oracle\Java\javapath;C:\WINDOWS\system32;C:\WINDOWS;C:\WINDOWS\System32\Wbem;C:\WINDOWS\System32\WindowsPowerShell\v1.0\;C:\WINDOWS\System32\OpenSSH\;C:\Program Files\Git\cmd;C:\Program Files\NVIDIA Corporation\NVIDIA App\NvDLISR;C:\Program Files (x86)\NVIDIA Corporation\PhysX\Common;C:\Program Files\dotnet\;C:\Program Files (x86)\QuickTime\QTSystem\;C:\Users\Igor Blaer Cabral\AppData\Local\Microsoft\WindowsApps;C:\Users\Igor Blaer Cabral\AppData\Local\Programs\Microsoft VS Code\bin;C:\Program Files\JetBrains\PyCharm 2025.2.3\bin;C:\Users\Igor Blaer Cabral\AppData\Local\Python\bin
TERM_PROGRAM=vscode
PROCESSOR_LEVEL=23
PROCESSOR_IDENTIFIER=AMD64 Family 23 Model 96 Stepping 1, AuthenticAMD
TMPDIR=C:\Users\IGORBL~1\AppData\Local\Temp
VSCODE_GIT_ASKPASS_EXTRA_ARGS=
TERM_PROGRAM_VERSION=1.124.2
VSCODE_GIT_ASKPASS_MAIN=c:\Users\Igor Blaer Cabral\AppData\Roaming\Code\User\globalStorage\vscode.git\askpass\493597c785d4c5cb\askpass-main.js
PSModulePath=C:\Users\Igor Blaer Cabral\Documents\WindowsPowerShell\Modules;C:\Program Files\WindowsPowerShell\Modules;C:\WINDOWS\system32\WindowsPowerShell\v1.0\Modules
PUBLIC=C:\Users\Public
NUMBER_OF_PROCESSORS=12
EFC_7008_1262719628=1
CommonProgramFiles=C:\Program Files (x86)\Common Files
VSCODE_INJECTION=1
VSCODE_NONCE=30095563-9d1c-463a-b076-ac6bd64b0f65
VSCODE_GIT_IPC_HANDLE=\\.\pipe\vscode-git-aff11036fb-sock
CHROME_CRASHPAD_PIPE_NAME=\\.\pipe\crashpad_1784_GSUVSDUVAHUCQINK
PLINK_PROTOCOL=ssh
ProgramData=C:\ProgramData
ProgramW6432=C:\Program Files
ProgramFiles=C:\Program Files (x86)
VSCODE_STABLE=1
VSCODE_GIT_ASKPASS_NODE=C:\Users\Igor Blaer Cabral\AppData\Local\Programs\Microsoft VS Code\Code.exe
SystemRoot=C:\WINDOWS
HOME=C:\Users\Igor Blaer Cabral
LOCALAPPDATA=C:\Users\Igor Blaer Cabral\AppData\Local
CommonProgramW6432=C:\Program Files\Common Files
LOGONSERVER=\\DESKTOP-URBBM2C
DriverFusionPath=C:\Program Files (x86)\Treexy\Driver Fusion\
FPS_BROWSER_USER_PROFILE_STRING=Default
EFC_7008_2283032206=1
USERDOMAIN_ROAMINGPROFILE=DESKTOP-URBBM2C
APPDATA=C:\Users\Igor Blaer Cabral\AppData\Roaming
HOMEDRIVE=C:
VSCODE_A11Y_MODE=0
USERNAME=Igor Blaer Cabral
PROCESSOR_ARCHITEW6432=AMD64
FPS_BROWSER_APP_PROFILE_STRING=Internet Explorer
PROCESSOR_ARCHITECTURE=x86
USERPROFILE=C:\Users\Igor Blaer Cabral
OS=Windows_NT
ComSpec=C:\WINDOWS\system32\cmd.exe
SystemDrive=C:
windir=C:\WINDOWS
LANG=en_US.UTF-8
ALLUSERSPROFILE=C:\ProgramData


------------
Diagnostic: File system
Skipped: False
Success: True
Exception: None
Log:
Temporary directory is 'C:\Users\Igor Blaer Cabral\AppData\Local\Temp\'...
Checking basic file I/O...
Writing to temporary file 'C:\Users\Igor Blaer Cabral\AppData\Local\Temp\ab3646fc9a48bf74664f84dc'... OK
Reading from temporary file 'C:\Users\Igor Blaer Cabral\AppData\Local\Temp\ab3646fc9a48bf74664f84dc'... OK
Deleting temporary file 'C:\Users\Igor Blaer Cabral\AppData\Local\Temp\ab3646fc9a48bf74664f84dc'... OK
Testing IFileSystem instance...
UserHomePath: C:\Users\Igor Blaer Cabral
UserDataDirectoryPath: C:\Users\Igor Blaer Cabral\.gcm
GetCurrentDirectory(): C:\Users\Igor Blaer Cabral\Documents\Portfolio\Portifolio

------------
Diagnostic: Networking
Skipped: False
Success: True
Exception: None
Log:
Checking networking and HTTP stack...
Creating HTTP client... OK
IsNetworkAvailable: True
Sending HEAD request to http://example.com...Sending HEAD request to https://example.com... OK
 OK
Acquiring free TCP port... OK
Testing local HTTP loopback connections...
Creating new HTTP listener for http://localhost:64782/... OK
Waiting for loopback connection... OK
Writing response... OK
Waiting for response data... OK
Loopback connection data OK

------------
Diagnostic: Git
Skipped: False
Success: True
Exception: None
Log:
Getting Git version... OK
Git version is '2.50.1.windows.1'
Locating current repository...Git repository at 'C:/Users/Igor Blaer Cabral/Documents/Portfolio/Portifolio/.git'
 OK
Listing all Git configuration... OK
Git configuration:
file:C:/Program Files/Git/etc/gitconfig	diff.astextplain.textconv=astextplain
file:C:/Program Files/Git/etc/gitconfig	filter.lfs.clean=git-lfs clean -- %f
file:C:/Program Files/Git/etc/gitconfig	filter.lfs.smudge=git-lfs smudge -- %f
file:C:/Program Files/Git/etc/gitconfig	filter.lfs.process=git-lfs filter-process
file:C:/Program Files/Git/etc/gitconfig	filter.lfs.required=true
file:C:/Program Files/Git/etc/gitconfig	http.sslbackend=schannel
file:C:/Program Files/Git/etc/gitconfig	core.autocrlf=true
file:C:/Program Files/Git/etc/gitconfig	core.fscache=true
file:C:/Program Files/Git/etc/gitconfig	core.symlinks=false
file:C:/Program Files/Git/etc/gitconfig	pull.rebase=false
file:C:/Program Files/Git/etc/gitconfig	credential.helper=manager
file:C:/Program Files/Git/etc/gitconfig	credential.https://dev.azure.com.usehttppath=true
file:C:/Program Files/Git/etc/gitconfig	init.defaultbranch=master
file:C:/Users/Igor Blaer Cabral/.gitconfig	user.email=igoralexandredm@gmail.com
file:C:/Users/Igor Blaer Cabral/.gitconfig	user.name=Igor Alexandre Babler Cabral
file:.git/config	core.repositoryformatversion=0
file:.git/config	core.filemode=false
file:.git/config	core.bare=false
file:.git/config	core.logallrefupdates=true
file:.git/config	core.symlinks=false
file:.git/config	core.ignorecase=true
file:.git/config	remote.origin.url=https://github.com/IgorAlexandreBablerCabral/Portifolio
file:.git/config	remote.origin.fetch=+refs/heads/*:refs/remotes/origin/*
file:.git/config	branch.main.remote=origin
file:.git/config	branch.main.merge=refs/heads/main
file:.git/config	branch.main.vscode-merge-base=origin/main


------------
Diagnostic: Credential storage
Skipped: False
Success: True
Exception: None
Log:
ICredentialStore instance is of type: CredentialStore
Writing test credential... OK
Reading test credential... OK
Deleting test credential... OK

------------
Diagnostic: Microsoft authentication (AAD/MSA)
Skipped: False
Success: True
Exception: None
Log:
Broker is not enabled.
Flow type is: Auto
Gathering MSAL token cache data... OK
CacheDirectory: C:\Users\Igor Blaer Cabral\AppData\Local\.IdentityService
CacheFileName: msal.cache
CacheFilePath: C:\Users\Igor Blaer Cabral\AppData\Local\.IdentityService\msal.cache
Creating cache helper... OK
Verifying MSAL token cache persistence... OK

------------
Diagnostic: GitHub API
Skipped: False
Success: True
Exception: None
Log:
Using 'https://github.com/' as API target.
Querying '/meta' endpoint... OK

